<?xml version="1.0" encoding="UTF-8"?>
<testng-results ignored="0" total="1" passed="1" failed="0" skipped="0">
  <reporter-output>
  </reporter-output>
  <suite started-at="2023-10-09T18:15:24 IST" name="Saucedemo" finished-at="2023-10-09T18:15:29 IST" duration-ms="4904">
    <groups>
    </groups>
    <test started-at="2023-10-09T18:15:24 IST" name="ChromeTest" finished-at="2023-10-09T18:15:29 IST" duration-ms="4904">
      <class name="testCases.LoginTest_01">
        <test-method is-config="true" signature="setup(java.lang.String)[pri:0, instance:testCases.LoginTest_01@2e8c1c9b]" started-at="2023-10-09T18:15:24 IST" name="setup" finished-at="2023-10-09T18:15:29 IST" duration-ms="4632" status="PASS">
          <params>
            <param index="0">
              <value>
                <![CDATA[chrome]]>
              </value>
            </param>
          </params>
          <reporter-output>
          </reporter-output>
        </test-method> <!-- setup -->
        <test-method signature="test_login()[pri:0, instance:testCases.LoginTest_01@2e8c1c9b]" started-at="2023-10-09T18:15:29 IST" name="test_login" finished-at="2023-10-09T18:15:29 IST" duration-ms="151" status="PASS">
          <reporter-output>
          </reporter-output>
        </test-method> <!-- test_login -->
      </class> <!-- testCases.LoginTest_01 -->
    </test> <!-- ChromeTest -->
  </suite> <!-- Saucedemo -->
</testng-results>
